d:\loflodes\source_code\system_hydraulic\source_code\solver\release\cvode_band.obj
d:\loflodes\source_code\system_hydraulic\source_code\solver\release\cvode_sptfqmr.obj
d:\loflodes\source_code\system_hydraulic\source_code\solver\release\sundials_spbcgs.obj
d:\loflodes\source_code\system_hydraulic\source_code\solver\release\cvode_bandpre.obj
d:\loflodes\source_code\system_hydraulic\source_code\solver\release\cvode_spils.obj
d:\loflodes\source_code\system_hydraulic\source_code\solver\release\cvode_direct.obj
d:\loflodes\source_code\system_hydraulic\source_code\solver\release\sundials_nvector.obj
d:\loflodes\source_code\system_hydraulic\source_code\solver\release\sundials_sptfqmr.obj
d:\loflodes\source_code\system_hydraulic\source_code\solver\release\cvode_dense.obj
d:\loflodes\source_code\system_hydraulic\source_code\solver\release\fnvector_serial.obj
d:\loflodes\source_code\system_hydraulic\source_code\solver\release\sundials_spgmr.obj
d:\loflodes\source_code\system_hydraulic\source_code\solver\release\cvode_diag.obj
d:\loflodes\source_code\system_hydraulic\source_code\solver\release\sundials_iterative.obj
d:\loflodes\source_code\system_hydraulic\source_code\solver\release\cvode_bbdpre.obj
d:\loflodes\source_code\system_hydraulic\source_code\solver\release\sundials_direct.obj
d:\loflodes\source_code\system_hydraulic\source_code\solver\release\cvode_spbcgs.obj
d:\loflodes\source_code\system_hydraulic\source_code\solver\release\sundials_math.obj
d:\loflodes\source_code\system_hydraulic\source_code\solver\release\cvode.obj
d:\loflodes\source_code\system_hydraulic\source_code\solver\release\cvode_spgmr.obj
d:\loflodes\source_code\system_hydraulic\source_code\solver\release\cvode_io.obj
d:\loflodes\source_code\system_hydraulic\source_code\solver\release\sundials_dense.obj
d:\loflodes\source_code\system_hydraulic\source_code\solver\release\cvode_lapack.obj
d:\loflodes\source_code\system_hydraulic\source_code\solver\release\sundials_band.obj
d:\loflodes\source_code\system_hydraulic\source_code\solver\x64\release\moc_predefs.h
d:\neuer ordner\project2\x64\release\solver.lib
d:\loflodes\source_code\system_hydraulic\source_code\solver\x64\release\solver.tlog\cl.13572.write.1.tlog
d:\loflodes\source_code\system_hydraulic\source_code\solver\x64\release\solver.tlog\cl.command.1.tlog
d:\loflodes\source_code\system_hydraulic\source_code\solver\x64\release\solver.tlog\cl.read.1.tlog
d:\loflodes\source_code\system_hydraulic\source_code\solver\x64\release\solver.tlog\custombuild.command.1.tlog
d:\loflodes\source_code\system_hydraulic\source_code\solver\x64\release\solver.tlog\custombuild.read.1.tlog
d:\loflodes\source_code\system_hydraulic\source_code\solver\x64\release\solver.tlog\custombuild.write.1.tlog
d:\loflodes\source_code\system_hydraulic\source_code\solver\x64\release\solver.tlog\lib-link.read.1.tlog
d:\loflodes\source_code\system_hydraulic\source_code\solver\x64\release\solver.tlog\lib-link.write.1.tlog
d:\loflodes\source_code\system_hydraulic\source_code\solver\x64\release\solver.tlog\lib.command.1.tlog
