c:\users\daniel bachmann\documents\2_forschung\9_loflodes\1_programmierung\source_code\system_hydraulic\source_code\solver\debug\cvode_band.obj
c:\users\daniel bachmann\documents\2_forschung\9_loflodes\1_programmierung\source_code\system_hydraulic\source_code\solver\debug\fnvector_serial.obj
c:\users\daniel bachmann\documents\2_forschung\9_loflodes\1_programmierung\source_code\system_hydraulic\source_code\solver\debug\cvode_spbcgs.obj
c:\users\daniel bachmann\documents\2_forschung\9_loflodes\1_programmierung\source_code\system_hydraulic\source_code\solver\debug\sundials_band.obj
c:\users\daniel bachmann\documents\2_forschung\9_loflodes\1_programmierung\source_code\system_hydraulic\source_code\solver\debug\cvode_spgmr.obj
c:\users\daniel bachmann\documents\2_forschung\9_loflodes\1_programmierung\source_code\system_hydraulic\source_code\solver\debug\sundials_direct.obj
c:\users\daniel bachmann\documents\2_forschung\9_loflodes\1_programmierung\source_code\system_hydraulic\source_code\solver\debug\sundials_sptfqmr.obj
c:\users\daniel bachmann\documents\2_forschung\9_loflodes\1_programmierung\source_code\system_hydraulic\source_code\solver\debug\cvode.obj
c:\users\daniel bachmann\documents\2_forschung\9_loflodes\1_programmierung\source_code\system_hydraulic\source_code\solver\debug\cvode_spils.obj
c:\users\daniel bachmann\documents\2_forschung\9_loflodes\1_programmierung\source_code\system_hydraulic\source_code\solver\debug\sundials_dense.obj
c:\users\daniel bachmann\documents\2_forschung\9_loflodes\1_programmierung\source_code\system_hydraulic\source_code\solver\debug\cvode_diag.obj
c:\users\daniel bachmann\documents\2_forschung\9_loflodes\1_programmierung\source_code\system_hydraulic\source_code\solver\debug\sundials_nvector.obj
c:\users\daniel bachmann\documents\2_forschung\9_loflodes\1_programmierung\source_code\system_hydraulic\source_code\solver\debug\cvode_lapack.obj
c:\users\daniel bachmann\documents\2_forschung\9_loflodes\1_programmierung\source_code\system_hydraulic\source_code\solver\debug\sundials_iterative.obj
c:\users\daniel bachmann\documents\2_forschung\9_loflodes\1_programmierung\source_code\system_hydraulic\source_code\solver\debug\cvode_direct.obj
c:\users\daniel bachmann\documents\2_forschung\9_loflodes\1_programmierung\source_code\system_hydraulic\source_code\solver\debug\sundials_spgmr.obj
c:\users\daniel bachmann\documents\2_forschung\9_loflodes\1_programmierung\source_code\system_hydraulic\source_code\solver\debug\cvode_bbdpre.obj
c:\users\daniel bachmann\documents\2_forschung\9_loflodes\1_programmierung\source_code\system_hydraulic\source_code\solver\debug\sundials_spbcgs.obj
c:\users\daniel bachmann\documents\2_forschung\9_loflodes\1_programmierung\source_code\system_hydraulic\source_code\solver\debug\cvode_bandpre.obj
c:\users\daniel bachmann\documents\2_forschung\9_loflodes\1_programmierung\source_code\system_hydraulic\source_code\solver\debug\cvode_io.obj
c:\users\daniel bachmann\documents\2_forschung\9_loflodes\1_programmierung\source_code\system_hydraulic\source_code\solver\debug\sundials_math.obj
c:\users\daniel bachmann\documents\2_forschung\9_loflodes\1_programmierung\source_code\system_hydraulic\source_code\solver\debug\cvode_dense.obj
c:\users\daniel bachmann\documents\2_forschung\9_loflodes\1_programmierung\source_code\system_hydraulic\source_code\solver\debug\cvode_sptfqmr.obj
c:\users\daniel bachmann\documents\2_forschung\9_loflodes\1_programmierung\source_code\system_hydraulic\source_code\solver\debug\solver.pdb
c:\users\daniel bachmann\documents\2_forschung\9_loflodes\1_programmierung\source_code\system_hydraulic\source_code\solver\debug\moc_predefs.h
c:\users\daniel bachmann\documents\2_forschung\9_loflodes\1_programmierung\source_code\system_hydraulic\source_code\solver\debug\solver.lib
c:\users\daniel bachmann\documents\2_forschung\9_loflodes\1_programmierung\source_code\system_hydraulic\source_code\solver\debug\solver.tlog\cl.11240.write.1.tlog
c:\users\daniel bachmann\documents\2_forschung\9_loflodes\1_programmierung\source_code\system_hydraulic\source_code\solver\debug\solver.tlog\cl.command.1.tlog
c:\users\daniel bachmann\documents\2_forschung\9_loflodes\1_programmierung\source_code\system_hydraulic\source_code\solver\debug\solver.tlog\cl.read.1.tlog
c:\users\daniel bachmann\documents\2_forschung\9_loflodes\1_programmierung\source_code\system_hydraulic\source_code\solver\debug\solver.tlog\custombuild.command.1.tlog
c:\users\daniel bachmann\documents\2_forschung\9_loflodes\1_programmierung\source_code\system_hydraulic\source_code\solver\debug\solver.tlog\custombuild.read.1.tlog
c:\users\daniel bachmann\documents\2_forschung\9_loflodes\1_programmierung\source_code\system_hydraulic\source_code\solver\debug\solver.tlog\custombuild.write.1.tlog
c:\users\daniel bachmann\documents\2_forschung\9_loflodes\1_programmierung\source_code\system_hydraulic\source_code\solver\debug\solver.tlog\lib-link.read.1.tlog
c:\users\daniel bachmann\documents\2_forschung\9_loflodes\1_programmierung\source_code\system_hydraulic\source_code\solver\debug\solver.tlog\lib-link.write.1.tlog
c:\users\daniel bachmann\documents\2_forschung\9_loflodes\1_programmierung\source_code\system_hydraulic\source_code\solver\debug\solver.tlog\lib.command.1.tlog
